21/06/2013 18:45:54 (Std) 	+-+-+-+-+-+-+-+-+-+-+-+-+-+-+-+-+-+-+-+-+-+-+-+-+-+-+-+-+-+-+-+-+-+-+-+-+-+-+-+
21/06/2013 18:45:54 (Std) 	+                     Crazy Eddie's GUI System - Event log                    +
21/06/2013 18:45:54 (Std) 	+                          (http://www.cegui.org.uk/)                         +
21/06/2013 18:45:54 (Std) 	+-+-+-+-+-+-+-+-+-+-+-+-+-+-+-+-+-+-+-+-+-+-+-+-+-+-+-+-+-+-+-+-+-+-+-+-+-+-+-+

21/06/2013 18:45:54 (Std) 	CEGUI::Logger singleton created. (0xd8b910)
21/06/2013 18:45:54 (Std) 	
21/06/2013 18:45:54 (Std) 	********************************************************************************
21/06/2013 18:45:54 (Std) 	* Important:                                                                   *
21/06/2013 18:45:54 (Std) 	*     To get support at the CEGUI forums, you must post _at least_ the section *
21/06/2013 18:45:54 (Std) 	*     of this log file indicated below.  Failure to do this will result in no  *
21/06/2013 18:45:54 (Std) 	*     support being given; please do not waste our time.                       *
21/06/2013 18:45:54 (Std) 	********************************************************************************
21/06/2013 18:45:54 (Std) 	********************************************************************************
21/06/2013 18:45:54 (Std) 	* -------- START OF ESSENTIAL SECTION TO BE POSTED ON THE FORUM       -------- *
21/06/2013 18:45:54 (Std) 	********************************************************************************
21/06/2013 18:45:54 (Std) 	---- Version 0.7.7 (Build: Oct 24 2012 GNU/Linux g++ 4.6.3 64 bit) ----
21/06/2013 18:45:54 (Std) 	---- Renderer module is: CEGUI::OpenGLRenderer - Official OpenGL based 2nd generation renderer module.  TextureTarget support enabled via FBO extension. ----
21/06/2013 18:45:54 (Std) 	---- XML Parser module is: CEGUI::ExpatParser - Official expat based parser module for CEGUI ----
21/06/2013 18:45:54 (Std) 	---- Image Codec module is: TGAImageCodec - Official TGA image codec ----
21/06/2013 18:45:54 (Std) 	---- Scripting module is: None ----
21/06/2013 18:45:54 (Std) 	********************************************************************************
21/06/2013 18:45:54 (Std) 	* -------- END OF ESSENTIAL SECTION TO BE POSTED ON THE FORUM         -------- *
21/06/2013 18:45:54 (Std) 	********************************************************************************
21/06/2013 18:45:54 (Std) 	
21/06/2013 18:45:54 (Std) 	---- Begining CEGUI System initialisation ----
21/06/2013 18:45:54 (Std) 	CEGUI::ImagesetManager singleton created (0xd9a8b0)
21/06/2013 18:45:54 (Std) 	CEGUI::FontManager singleton created. (0xd9ab30)
21/06/2013 18:45:54 (Std) 	CEGUI::WindowFactoryManager singleton created
21/06/2013 18:45:54 (Std) 	CEGUI::WindowManager singleton created (0xd9ac60)
21/06/2013 18:45:54 (Std) 	CEGUI::SchemeManager singleton created. (0xd9ad00)
21/06/2013 18:45:54 (Std) 	CEGUI::MouseCursor singleton created. (0xd9ae30)
21/06/2013 18:45:54 (Std) 	CEGUI::GlobalEventSet singleton created. (0xd8c150)
21/06/2013 18:45:54 (Std) 	CEGUI::AnimationManager singleton created (0xd9aff0)
21/06/2013 18:45:54 (Std) 	CEGUI::WidgetLookManager singleton created. (0xd97ad0)
21/06/2013 18:45:54 (Std) 	CEGUI::WindowRendererManager singleton created (0xd9bf00)
21/06/2013 18:45:54 (Std) 	CEGUI::RenderEffectManager singleton created (0xd986b0)
21/06/2013 18:45:54 (Std) 	Created WindowFactory for 'DefaultWindow' windows.
21/06/2013 18:45:54 (Std) 	WindowFactory for 'DefaultWindow' windows added. (0xd9c000)
21/06/2013 18:45:54 (Std) 	Created WindowFactory for 'DragContainer' windows.
21/06/2013 18:45:54 (Std) 	WindowFactory for 'DragContainer' windows added. (0xd9c2c0)
21/06/2013 18:45:54 (Std) 	Created WindowFactory for 'ScrolledContainer' windows.
21/06/2013 18:45:54 (Std) 	WindowFactory for 'ScrolledContainer' windows added. (0xd9c460)
21/06/2013 18:45:54 (Std) 	Created WindowFactory for 'ClippedContainer' windows.
21/06/2013 18:45:54 (Std) 	WindowFactory for 'ClippedContainer' windows added. (0xd9c600)
21/06/2013 18:45:54 (Std) 	Created WindowFactory for 'CEGUI/Checkbox' windows.
21/06/2013 18:45:54 (Std) 	WindowFactory for 'CEGUI/Checkbox' windows added. (0xd9c7a0)
21/06/2013 18:45:54 (Std) 	Created WindowFactory for 'CEGUI/PushButton' windows.
21/06/2013 18:45:54 (Std) 	WindowFactory for 'CEGUI/PushButton' windows added. (0xd9c940)
21/06/2013 18:45:54 (Std) 	Created WindowFactory for 'CEGUI/RadioButton' windows.
21/06/2013 18:45:54 (Std) 	WindowFactory for 'CEGUI/RadioButton' windows added. (0xd9cae0)
21/06/2013 18:45:54 (Std) 	Created WindowFactory for 'CEGUI/Combobox' windows.
21/06/2013 18:45:54 (Std) 	WindowFactory for 'CEGUI/Combobox' windows added. (0xd9cc80)
21/06/2013 18:45:54 (Std) 	Created WindowFactory for 'CEGUI/ComboDropList' windows.
21/06/2013 18:45:54 (Std) 	WindowFactory for 'CEGUI/ComboDropList' windows added. (0xd9ce20)
21/06/2013 18:45:54 (Std) 	Created WindowFactory for 'CEGUI/Editbox' windows.
21/06/2013 18:45:54 (Std) 	WindowFactory for 'CEGUI/Editbox' windows added. (0xd9d050)
21/06/2013 18:45:54 (Std) 	Created WindowFactory for 'CEGUI/FrameWindow' windows.
21/06/2013 18:45:54 (Std) 	WindowFactory for 'CEGUI/FrameWindow' windows added. (0xd9d1f0)
21/06/2013 18:45:54 (Std) 	Created WindowFactory for 'CEGUI/ItemEntry' windows.
21/06/2013 18:45:54 (Std) 	WindowFactory for 'CEGUI/ItemEntry' windows added. (0xd9d390)
21/06/2013 18:45:54 (Std) 	Created WindowFactory for 'CEGUI/Listbox' windows.
21/06/2013 18:45:54 (Std) 	WindowFactory for 'CEGUI/Listbox' windows added. (0xd9d530)
21/06/2013 18:45:54 (Std) 	Created WindowFactory for 'CEGUI/ListHeader' windows.
21/06/2013 18:45:54 (Std) 	WindowFactory for 'CEGUI/ListHeader' windows added. (0xd9d6d0)
21/06/2013 18:45:54 (Std) 	Created WindowFactory for 'CEGUI/ListHeaderSegment' windows.
21/06/2013 18:45:54 (Std) 	WindowFactory for 'CEGUI/ListHeaderSegment' windows added. (0xd9d870)
21/06/2013 18:45:54 (Std) 	Created WindowFactory for 'CEGUI/Menubar' windows.
21/06/2013 18:45:54 (Std) 	WindowFactory for 'CEGUI/Menubar' windows added. (0xd9da10)
21/06/2013 18:45:54 (Std) 	Created WindowFactory for 'CEGUI/PopupMenu' windows.
21/06/2013 18:45:54 (Std) 	WindowFactory for 'CEGUI/PopupMenu' windows added. (0xd9dbb0)
21/06/2013 18:45:54 (Std) 	Created WindowFactory for 'CEGUI/MenuItem' windows.
21/06/2013 18:45:54 (Std) 	WindowFactory for 'CEGUI/MenuItem' windows added. (0xd9de60)
21/06/2013 18:45:54 (Std) 	Created WindowFactory for 'CEGUI/MultiColumnList' windows.
21/06/2013 18:45:54 (Std) 	WindowFactory for 'CEGUI/MultiColumnList' windows added. (0xd9e000)
21/06/2013 18:45:54 (Std) 	Created WindowFactory for 'CEGUI/MultiLineEditbox' windows.
21/06/2013 18:45:54 (Std) 	WindowFactory for 'CEGUI/MultiLineEditbox' windows added. (0xd9e1a0)
21/06/2013 18:45:54 (Std) 	Created WindowFactory for 'CEGUI/ProgressBar' windows.
21/06/2013 18:45:54 (Std) 	WindowFactory for 'CEGUI/ProgressBar' windows added. (0xd9e340)
21/06/2013 18:45:54 (Std) 	Created WindowFactory for 'CEGUI/ScrollablePane' windows.
21/06/2013 18:45:54 (Std) 	WindowFactory for 'CEGUI/ScrollablePane' windows added. (0xd9e4e0)
21/06/2013 18:45:54 (Std) 	Created WindowFactory for 'CEGUI/Scrollbar' windows.
21/06/2013 18:45:54 (Std) 	WindowFactory for 'CEGUI/Scrollbar' windows added. (0xd9e680)
21/06/2013 18:45:54 (Std) 	Created WindowFactory for 'CEGUI/Slider' windows.
21/06/2013 18:45:54 (Std) 	WindowFactory for 'CEGUI/Slider' windows added. (0xd9e820)
21/06/2013 18:45:54 (Std) 	Created WindowFactory for 'CEGUI/Spinner' windows.
21/06/2013 18:45:54 (Std) 	WindowFactory for 'CEGUI/Spinner' windows added. (0xd9e9c0)
21/06/2013 18:45:54 (Std) 	Created WindowFactory for 'CEGUI/TabButton' windows.
21/06/2013 18:45:54 (Std) 	WindowFactory for 'CEGUI/TabButton' windows added. (0xd9eb60)
21/06/2013 18:45:54 (Std) 	Created WindowFactory for 'CEGUI/TabControl' windows.
21/06/2013 18:45:54 (Std) 	WindowFactory for 'CEGUI/TabControl' windows added. (0xd9ed00)
21/06/2013 18:45:54 (Std) 	Created WindowFactory for 'CEGUI/Thumb' windows.
21/06/2013 18:45:54 (Std) 	WindowFactory for 'CEGUI/Thumb' windows added. (0xd9eea0)
21/06/2013 18:45:54 (Std) 	Created WindowFactory for 'CEGUI/Titlebar' windows.
21/06/2013 18:45:54 (Std) 	WindowFactory for 'CEGUI/Titlebar' windows added. (0xd9f040)
21/06/2013 18:45:54 (Std) 	Created WindowFactory for 'CEGUI/Tooltip' windows.
21/06/2013 18:45:54 (Std) 	WindowFactory for 'CEGUI/Tooltip' windows added. (0xd9f1e0)
21/06/2013 18:45:54 (Std) 	Created WindowFactory for 'CEGUI/ItemListbox' windows.
21/06/2013 18:45:54 (Std) 	WindowFactory for 'CEGUI/ItemListbox' windows added. (0xd9f380)
21/06/2013 18:45:54 (Std) 	Created WindowFactory for 'CEGUI/GroupBox' windows.
21/06/2013 18:45:54 (Std) 	WindowFactory for 'CEGUI/GroupBox' windows added. (0xd9f520)
21/06/2013 18:45:54 (Std) 	Created WindowFactory for 'CEGUI/Tree' windows.
21/06/2013 18:45:54 (Std) 	WindowFactory for 'CEGUI/Tree' windows added. (0xd9f6c0)
21/06/2013 18:45:54 (Std) 	Created WindowFactory for 'HorizontalLayoutContainer' windows.
21/06/2013 18:45:54 (Std) 	WindowFactory for 'HorizontalLayoutContainer' windows added. (0xd9dd50)
21/06/2013 18:45:54 (Std) 	Created WindowFactory for 'VerticalLayoutContainer' windows.
21/06/2013 18:45:54 (Std) 	WindowFactory for 'VerticalLayoutContainer' windows added. (0xd9fb50)
21/06/2013 18:45:54 (Std) 	Created WindowFactory for 'GridLayoutContainer' windows.
21/06/2013 18:45:54 (Std) 	WindowFactory for 'GridLayoutContainer' windows added. (0xd9fcf0)
21/06/2013 18:45:54 (Std) 	Window type alias named 'DefaultGUISheet' added for window type 'DefaultWindow'.
21/06/2013 18:45:54 (Std) 	CEGUI::System singleton created. (0xd8b500)
21/06/2013 18:45:54 (Std) 	---- CEGUI System initialisation completed ----
21/06/2013 18:45:54 (Std) 	
21/06/2013 18:45:54 (Std) 	Started creation of Scheme from XML specification:
21/06/2013 18:45:54 (Std) 	---- CEGUI GUIScheme name: TaharezLook
21/06/2013 18:45:54 (Std) 	Started creation of Imageset from XML specification:
21/06/2013 18:45:54 (Std) 	---- CEGUI Imageset name: TaharezLook
21/06/2013 18:45:54 (Std) 	---- Source texture file: TaharezLook.tga in resource group: (Default)
21/06/2013 18:45:54 (Std) 	Started creation of Font from XML specification:
21/06/2013 18:45:54 (Std) 	---- CEGUI font name: DejaVuSans-10
21/06/2013 18:45:54 (Std) 	----       Font type: FreeType
21/06/2013 18:45:54 (Std) 	----     Source file: DejaVuSans.ttf in resource group: (Default)
21/06/2013 18:45:54 (Std) 	---- Real point size: 10
21/06/2013 18:45:54 (Std) 	===== Falagard 'root' element: look and feel parsing begins =====
21/06/2013 18:45:54 (Std) 	===== Look and feel parsing completed =====
21/06/2013 18:45:54 (Std) 	No window renderer factories specified for module 'CEGUIFalagardWRBase' - adding all available factories...
21/06/2013 18:45:54 (Std) 	Created WindowRendererFactory for 'Falagard/Button' WindowRenderers.
21/06/2013 18:45:54 (Std) 	WindowRendererFactory 'Falagard/Button' added. (0xfb19f0)
21/06/2013 18:45:54 (Std) 	Created WindowRendererFactory for 'Falagard/Default' WindowRenderers.
21/06/2013 18:45:54 (Std) 	WindowRendererFactory 'Falagard/Default' added. (0xe4a260)
21/06/2013 18:45:54 (Std) 	Created WindowRendererFactory for 'Falagard/Editbox' WindowRenderers.
21/06/2013 18:45:54 (Std) 	WindowRendererFactory 'Falagard/Editbox' added. (0xf9e8e0)
21/06/2013 18:45:54 (Std) 	Created WindowRendererFactory for 'Falagard/FrameWindow' WindowRenderers.
21/06/2013 18:45:54 (Std) 	WindowRendererFactory 'Falagard/FrameWindow' added. (0xe0eaf0)
21/06/2013 18:45:54 (Std) 	Created WindowRendererFactory for 'Falagard/ItemEntry' WindowRenderers.
21/06/2013 18:45:54 (Std) 	WindowRendererFactory 'Falagard/ItemEntry' added. (0xf575d0)
21/06/2013 18:45:54 (Std) 	Created WindowRendererFactory for 'Falagard/ListHeader' WindowRenderers.
21/06/2013 18:45:54 (Std) 	WindowRendererFactory 'Falagard/ListHeader' added. (0xf57690)
21/06/2013 18:45:54 (Std) 	Created WindowRendererFactory for 'Falagard/ListHeaderSegment' WindowRenderers.
21/06/2013 18:45:54 (Std) 	WindowRendererFactory 'Falagard/ListHeaderSegment' added. (0xfb9610)
21/06/2013 18:45:54 (Std) 	Created WindowRendererFactory for 'Falagard/Listbox' WindowRenderers.
21/06/2013 18:45:54 (Std) 	WindowRendererFactory 'Falagard/Listbox' added. (0xfb97b0)
21/06/2013 18:45:54 (Std) 	Created WindowRendererFactory for 'Falagard/Menubar' WindowRenderers.
21/06/2013 18:45:54 (Std) 	WindowRendererFactory 'Falagard/Menubar' added. (0xfb9950)
21/06/2013 18:45:54 (Std) 	Created WindowRendererFactory for 'Falagard/MenuItem' WindowRenderers.
21/06/2013 18:45:54 (Std) 	WindowRendererFactory 'Falagard/MenuItem' added. (0xfb9af0)
21/06/2013 18:45:54 (Std) 	Created WindowRendererFactory for 'Falagard/MultiColumnList' WindowRenderers.
21/06/2013 18:45:54 (Std) 	WindowRendererFactory 'Falagard/MultiColumnList' added. (0xfb9c90)
21/06/2013 18:45:54 (Std) 	Created WindowRendererFactory for 'Falagard/MultiLineEditbox' WindowRenderers.
21/06/2013 18:45:54 (Std) 	WindowRendererFactory 'Falagard/MultiLineEditbox' added. (0xfc2e50)
21/06/2013 18:45:54 (Std) 	Created WindowRendererFactory for 'Falagard/PopupMenu' WindowRenderers.
21/06/2013 18:45:54 (Std) 	WindowRendererFactory 'Falagard/PopupMenu' added. (0xfc2ff0)
21/06/2013 18:45:54 (Std) 	Created WindowRendererFactory for 'Falagard/ProgressBar' WindowRenderers.
21/06/2013 18:45:54 (Std) 	WindowRendererFactory 'Falagard/ProgressBar' added. (0xfc3190)
21/06/2013 18:45:54 (Std) 	Created WindowRendererFactory for 'Falagard/ScrollablePane' WindowRenderers.
21/06/2013 18:45:54 (Std) 	WindowRendererFactory 'Falagard/ScrollablePane' added. (0xfc3330)
21/06/2013 18:45:54 (Std) 	Created WindowRendererFactory for 'Falagard/Scrollbar' WindowRenderers.
21/06/2013 18:45:54 (Std) 	WindowRendererFactory 'Falagard/Scrollbar' added. (0xfc34d0)
21/06/2013 18:45:54 (Std) 	Created WindowRendererFactory for 'Falagard/Slider' WindowRenderers.
21/06/2013 18:45:54 (Std) 	WindowRendererFactory 'Falagard/Slider' added. (0xfc3670)
21/06/2013 18:45:54 (Std) 	Created WindowRendererFactory for 'Falagard/Static' WindowRenderers.
21/06/2013 18:45:54 (Std) 	WindowRendererFactory 'Falagard/Static' added. (0xfc3920)
21/06/2013 18:45:54 (Std) 	Created WindowRendererFactory for 'Falagard/StaticImage' WindowRenderers.
21/06/2013 18:45:54 (Std) 	WindowRendererFactory 'Falagard/StaticImage' added. (0xfc3ac0)
21/06/2013 18:45:54 (Std) 	Created WindowRendererFactory for 'Falagard/StaticText' WindowRenderers.
21/06/2013 18:45:54 (Std) 	WindowRendererFactory 'Falagard/StaticText' added. (0xda1060)
21/06/2013 18:45:54 (Std) 	Created WindowRendererFactory for 'Falagard/SystemButton' WindowRenderers.
21/06/2013 18:45:54 (Std) 	WindowRendererFactory 'Falagard/SystemButton' added. (0xda1200)
21/06/2013 18:45:54 (Std) 	Created WindowRendererFactory for 'Falagard/TabButton' WindowRenderers.
21/06/2013 18:45:54 (Std) 	WindowRendererFactory 'Falagard/TabButton' added. (0xda13a0)
21/06/2013 18:45:54 (Std) 	Created WindowRendererFactory for 'Falagard/TabControl' WindowRenderers.
21/06/2013 18:45:54 (Std) 	WindowRendererFactory 'Falagard/TabControl' added. (0xda1540)
21/06/2013 18:45:54 (Std) 	Created WindowRendererFactory for 'Falagard/Titlebar' WindowRenderers.
21/06/2013 18:45:54 (Std) 	WindowRendererFactory 'Falagard/Titlebar' added. (0xda16e0)
21/06/2013 18:45:54 (Std) 	Created WindowRendererFactory for 'Falagard/ToggleButton' WindowRenderers.
21/06/2013 18:45:54 (Std) 	WindowRendererFactory 'Falagard/ToggleButton' added. (0xda1880)
21/06/2013 18:45:54 (Std) 	Created WindowRendererFactory for 'Falagard/Tooltip' WindowRenderers.
21/06/2013 18:45:54 (Std) 	WindowRendererFactory 'Falagard/Tooltip' added. (0xda1a20)
21/06/2013 18:45:54 (Std) 	Created WindowRendererFactory for 'Falagard/ItemListbox' WindowRenderers.
21/06/2013 18:45:54 (Std) 	WindowRendererFactory 'Falagard/ItemListbox' added. (0xda1bc0)
21/06/2013 18:45:54 (Std) 	Created WindowRendererFactory for 'Falagard/Tree' WindowRenderers.
21/06/2013 18:45:54 (Std) 	WindowRendererFactory 'Falagard/Tree' added. (0xda1d60)
21/06/2013 18:45:54 (Std) 	Creating falagard mapping for type 'TaharezLook/Button' using base type 'CEGUI/PushButton', window renderer 'Falagard/Button' Look'N'Feel 'TaharezLook/Button' and RenderEffect ''. (0x7ffff5ea5720)
21/06/2013 18:45:54 (Std) 	Creating falagard mapping for type 'TaharezLook/Checkbox' using base type 'CEGUI/Checkbox', window renderer 'Falagard/ToggleButton' Look'N'Feel 'TaharezLook/Checkbox' and RenderEffect ''. (0x7ffff5ea5720)
21/06/2013 18:45:54 (Std) 	Creating falagard mapping for type 'TaharezLook/ImageButton' using base type 'CEGUI/PushButton', window renderer 'Falagard/Button' Look'N'Feel 'TaharezLook/ImageButton' and RenderEffect ''. (0x7ffff5ea5720)
21/06/2013 18:45:54 (Std) 	Creating falagard mapping for type 'TaharezLook/RadioButton' using base type 'CEGUI/RadioButton', window renderer 'Falagard/ToggleButton' Look'N'Feel 'TaharezLook/RadioButton' and RenderEffect ''. (0x7ffff5ea5720)
21/06/2013 18:45:54 (Std) 	Creating falagard mapping for type 'TaharezLook/FrameWindow' using base type 'CEGUI/FrameWindow', window renderer 'Falagard/FrameWindow' Look'N'Feel 'TaharezLook/FrameWindow' and RenderEffect ''. (0x7ffff5ea5720)
21/06/2013 18:45:54 (Std) 	Creating falagard mapping for type 'TaharezLook/Titlebar' using base type 'CEGUI/Titlebar', window renderer 'Falagard/Titlebar' Look'N'Feel 'TaharezLook/Titlebar' and RenderEffect ''. (0x7ffff5ea5720)
21/06/2013 18:45:54 (Std) 	Creating falagard mapping for type 'TaharezLook/SystemButton' using base type 'CEGUI/PushButton', window renderer 'Falagard/Button' Look'N'Feel 'TaharezLook/Button' and RenderEffect ''. (0x7ffff5ea5720)
21/06/2013 18:45:54 (Std) 	Creating falagard mapping for type 'TaharezLook/Editbox' using base type 'CEGUI/Editbox', window renderer 'Falagard/Editbox' Look'N'Feel 'TaharezLook/Editbox' and RenderEffect ''. (0x7ffff5ea5720)
21/06/2013 18:45:54 (Std) 	Creating falagard mapping for type 'TaharezLook/MultiLineEditbox' using base type 'CEGUI/MultiLineEditbox', window renderer 'Falagard/MultiLineEditbox' Look'N'Feel 'TaharezLook/MultiLineEditbox' and RenderEffect ''. (0x7ffff5ea5720)
21/06/2013 18:45:54 (Std) 	Creating falagard mapping for type 'TaharezLook/Menubar' using base type 'CEGUI/Menubar', window renderer 'Falagard/Menubar' Look'N'Feel 'TaharezLook/Menubar' and RenderEffect ''. (0x7ffff5ea5720)
21/06/2013 18:45:54 (Std) 	Creating falagard mapping for type 'TaharezLook/PopupMenu' using base type 'CEGUI/PopupMenu', window renderer 'Falagard/PopupMenu' Look'N'Feel 'TaharezLook/PopupMenu' and RenderEffect ''. (0x7ffff5ea5720)
21/06/2013 18:45:54 (Std) 	Creating falagard mapping for type 'TaharezLook/MenuItem' using base type 'CEGUI/MenuItem', window renderer 'Falagard/MenuItem' Look'N'Feel 'TaharezLook/MenuItem' and RenderEffect ''. (0x7ffff5ea5720)
21/06/2013 18:45:54 (Std) 	Creating falagard mapping for type 'TaharezLook/AlternateProgressBar' using base type 'CEGUI/ProgressBar', window renderer 'Falagard/ProgressBar' Look'N'Feel 'TaharezLook/AltProgressBar' and RenderEffect ''. (0x7ffff5ea5720)
21/06/2013 18:45:54 (Std) 	Creating falagard mapping for type 'TaharezLook/ProgressBar' using base type 'CEGUI/ProgressBar', window renderer 'Falagard/ProgressBar' Look'N'Feel 'TaharezLook/ProgressBar' and RenderEffect ''. (0x7ffff5ea5720)
21/06/2013 18:45:54 (Std) 	Creating falagard mapping for type 'TaharezLook/VUMeter' using base type 'CEGUI/ProgressBar', window renderer 'Falagard/ProgressBar' Look'N'Feel 'TaharezLook/VUMeter' and RenderEffect ''. (0x7ffff5ea5720)
21/06/2013 18:45:54 (Std) 	Creating falagard mapping for type 'TaharezLook/VerticalScrollbar' using base type 'CEGUI/Scrollbar', window renderer 'Falagard/Scrollbar' Look'N'Feel 'TaharezLook/VerticalScrollbar' and RenderEffect ''. (0x7ffff5ea5720)
21/06/2013 18:45:54 (Std) 	Creating falagard mapping for type 'TaharezLook/HorizontalScrollbar' using base type 'CEGUI/Scrollbar', window renderer 'Falagard/Scrollbar' Look'N'Feel 'TaharezLook/HorizontalScrollbar' and RenderEffect ''. (0x7ffff5ea5720)
21/06/2013 18:45:54 (Std) 	Creating falagard mapping for type 'TaharezLook/VerticalScrollbarThumb' using base type 'CEGUI/Thumb', window renderer 'Falagard/Button' Look'N'Feel 'TaharezLook/VerticalScrollbarThumb' and RenderEffect ''. (0x7ffff5ea5720)
21/06/2013 18:45:54 (Std) 	Creating falagard mapping for type 'TaharezLook/HorizontalScrollbarThumb' using base type 'CEGUI/Thumb', window renderer 'Falagard/Button' Look'N'Feel 'TaharezLook/HorizontalScrollbarThumb' and RenderEffect ''. (0x7ffff5ea5720)
21/06/2013 18:45:54 (Std) 	Creating falagard mapping for type 'TaharezLook/LargeVerticalScrollbar' using base type 'CEGUI/Scrollbar', window renderer 'Falagard/Scrollbar' Look'N'Feel 'TaharezLook/LargeVerticalScrollbar' and RenderEffect ''. (0x7ffff5ea5720)
21/06/2013 18:45:54 (Std) 	Creating falagard mapping for type 'TaharezLook/LargeVerticalScrollbarThumb' using base type 'CEGUI/Thumb', window renderer 'Falagard/Button' Look'N'Feel 'TaharezLook/LargeVerticalScrollbarThumb' and RenderEffect ''. (0x7ffff5ea5720)
21/06/2013 18:45:54 (Std) 	Creating falagard mapping for type 'TaharezLook/TabButton' using base type 'CEGUI/TabButton', window renderer 'Falagard/TabButton' Look'N'Feel 'TaharezLook/TabButton' and RenderEffect ''. (0x7ffff5ea5720)
21/06/2013 18:45:54 (Std) 	Creating falagard mapping for type 'TaharezLook/TabControl' using base type 'CEGUI/TabControl', window renderer 'Falagard/TabControl' Look'N'Feel 'TaharezLook/TabControl' and RenderEffect ''. (0x7ffff5ea5720)
21/06/2013 18:45:54 (Std) 	Creating falagard mapping for type 'TaharezLook/TabContentPane' using base type 'DefaultWindow', window renderer 'Falagard/Default' Look'N'Feel 'TaharezLook/TabContentPane' and RenderEffect ''. (0x7ffff5ea5720)
21/06/2013 18:45:54 (Std) 	Creating falagard mapping for type 'TaharezLook/TabButtonPane' using base type 'DefaultWindow', window renderer 'Falagard/Default' Look'N'Feel 'TaharezLook/TabButtonPane' and RenderEffect ''. (0x7ffff5ea5720)
21/06/2013 18:45:54 (Std) 	Creating falagard mapping for type 'TaharezLook/ComboDropList' using base type 'CEGUI/ComboDropList', window renderer 'Falagard/Listbox' Look'N'Feel 'TaharezLook/ComboDropList' and RenderEffect ''. (0x7ffff5ea5720)
21/06/2013 18:45:54 (Std) 	Creating falagard mapping for type 'TaharezLook/ComboEditbox' using base type 'CEGUI/Editbox', window renderer 'Falagard/Editbox' Look'N'Feel 'TaharezLook/ComboEditbox' and RenderEffect ''. (0x7ffff5ea5720)
21/06/2013 18:45:54 (Std) 	Creating falagard mapping for type 'TaharezLook/Combobox' using base type 'CEGUI/Combobox', window renderer 'Falagard/Default' Look'N'Feel 'TaharezLook/Combobox' and RenderEffect ''. (0x7ffff5ea5720)
21/06/2013 18:45:54 (Std) 	Creating falagard mapping for type 'TaharezLook/Listbox' using base type 'CEGUI/Listbox', window renderer 'Falagard/Listbox' Look'N'Feel 'TaharezLook/Listbox' and RenderEffect ''. (0x7ffff5ea5720)
21/06/2013 18:45:54 (Std) 	Creating falagard mapping for type 'TaharezLook/ListHeader' using base type 'CEGUI/ListHeader', window renderer 'Falagard/ListHeader' Look'N'Feel 'TaharezLook/ListHeader' and RenderEffect ''. (0x7ffff5ea5720)
21/06/2013 18:45:54 (Std) 	Creating falagard mapping for type 'TaharezLook/ListHeaderSegment' using base type 'CEGUI/ListHeaderSegment', window renderer 'Falagard/ListHeaderSegment' Look'N'Feel 'TaharezLook/ListHeaderSegment' and RenderEffect ''. (0x7ffff5ea5720)
21/06/2013 18:45:54 (Std) 	Creating falagard mapping for type 'TaharezLook/MultiColumnList' using base type 'CEGUI/MultiColumnList', window renderer 'Falagard/MultiColumnList' Look'N'Feel 'TaharezLook/MultiColumnList' and RenderEffect ''. (0x7ffff5ea5720)
21/06/2013 18:45:54 (Std) 	Creating falagard mapping for type 'TaharezLook/Slider' using base type 'CEGUI/Slider', window renderer 'Falagard/Slider' Look'N'Feel 'TaharezLook/Slider' and RenderEffect ''. (0x7ffff5ea5720)
21/06/2013 18:45:54 (Std) 	Creating falagard mapping for type 'TaharezLook/SliderThumb' using base type 'CEGUI/Thumb', window renderer 'Falagard/Button' Look'N'Feel 'TaharezLook/SliderThumb' and RenderEffect ''. (0x7ffff5ea5720)
21/06/2013 18:45:54 (Std) 	Creating falagard mapping for type 'TaharezLook/ScrollablePane' using base type 'CEGUI/ScrollablePane', window renderer 'Falagard/ScrollablePane' Look'N'Feel 'TaharezLook/ScrollablePane' and RenderEffect ''. (0x7ffff5ea5720)
21/06/2013 18:45:54 (Std) 	Creating falagard mapping for type 'TaharezLook/Spinner' using base type 'CEGUI/Spinner', window renderer 'Falagard/Default' Look'N'Feel 'TaharezLook/Spinner' and RenderEffect ''. (0x7ffff5ea5720)
21/06/2013 18:45:54 (Std) 	Creating falagard mapping for type 'TaharezLook/Tooltip' using base type 'CEGUI/Tooltip', window renderer 'Falagard/Tooltip' Look'N'Feel 'TaharezLook/Tooltip' and RenderEffect ''. (0x7ffff5ea5720)
21/06/2013 18:45:54 (Std) 	Creating falagard mapping for type 'TaharezLook/StaticImage' using base type 'DefaultWindow', window renderer 'Falagard/StaticImage' Look'N'Feel 'TaharezLook/StaticImage' and RenderEffect ''. (0x7ffff5ea5720)
21/06/2013 18:45:54 (Std) 	Creating falagard mapping for type 'TaharezLook/StaticText' using base type 'DefaultWindow', window renderer 'Falagard/StaticText' Look'N'Feel 'TaharezLook/StaticText' and RenderEffect ''. (0x7ffff5ea5720)
21/06/2013 18:45:54 (Std) 	Creating falagard mapping for type 'TaharezLook/ItemListbox' using base type 'CEGUI/ItemListbox', window renderer 'Falagard/ItemListbox' Look'N'Feel 'TaharezLook/ItemListbox' and RenderEffect ''. (0x7ffff5ea5720)
21/06/2013 18:45:54 (Std) 	Creating falagard mapping for type 'TaharezLook/ListboxItem' using base type 'CEGUI/ItemEntry', window renderer 'Falagard/ItemEntry' Look'N'Feel 'TaharezLook/ListboxItem' and RenderEffect ''. (0x7ffff5ea5720)
21/06/2013 18:45:54 (Std) 	Creating falagard mapping for type 'TaharezLook/GroupBox' using base type 'CEGUI/GroupBox', window renderer 'Falagard/Default' Look'N'Feel 'TaharezLook/GroupBox' and RenderEffect ''. (0x7ffff5ea5720)
21/06/2013 18:45:54 (Std) 	Creating falagard mapping for type 'TaharezLook/Tree' using base type 'CEGUI/Tree', window renderer 'Falagard/Tree' Look'N'Feel 'TaharezLook/Tree' and RenderEffect ''. (0x7ffff5ea5720)
21/06/2013 18:45:54 (Std) 	Attempting to create Imageset 'DejaVuSans-10_auto_glyph_images_ ' with texture only.
