24/10/2012 22:20:09 (Std) 	+-+-+-+-+-+-+-+-+-+-+-+-+-+-+-+-+-+-+-+-+-+-+-+-+-+-+-+-+-+-+-+-+-+-+-+-+-+-+-+
24/10/2012 22:20:09 (Std) 	+                     Crazy Eddie's GUI System - Event log                    +
24/10/2012 22:20:09 (Std) 	+                          (http://www.cegui.org.uk/)                         +
24/10/2012 22:20:09 (Std) 	+-+-+-+-+-+-+-+-+-+-+-+-+-+-+-+-+-+-+-+-+-+-+-+-+-+-+-+-+-+-+-+-+-+-+-+-+-+-+-+

24/10/2012 22:20:09 (Std) 	CEGUI::Logger singleton created. (0x16aa9d0)
24/10/2012 22:20:09 (Std) 	
24/10/2012 22:20:09 (Std) 	********************************************************************************
24/10/2012 22:20:09 (Std) 	* Important:                                                                   *
24/10/2012 22:20:09 (Std) 	*     To get support at the CEGUI forums, you must post _at least_ the section *
24/10/2012 22:20:09 (Std) 	*     of this log file indicated below.  Failure to do this will result in no  *
24/10/2012 22:20:09 (Std) 	*     support being given; please do not waste our time.                       *
24/10/2012 22:20:09 (Std) 	********************************************************************************
24/10/2012 22:20:09 (Std) 	********************************************************************************
24/10/2012 22:20:09 (Std) 	* -------- START OF ESSENTIAL SECTION TO BE POSTED ON THE FORUM       -------- *
24/10/2012 22:20:09 (Std) 	********************************************************************************
24/10/2012 22:20:09 (Std) 	---- Version 0.7.7 (Build: Oct 22 2012 GNU/Linux g++ 4.6.1 64 bit) ----
24/10/2012 22:20:09 (Std) 	---- Renderer module is: CEGUI::OpenGLRenderer - Official OpenGL based 2nd generation renderer module.  TextureTarget support enabled via FBO extension. ----
24/10/2012 22:20:09 (Std) 	---- XML Parser module is: CEGUI::LibxmlParser - Official libxml2 based parser module for CEGUI ----
24/10/2012 22:20:09 (Std) 	---- Image Codec module is: TGAImageCodec - Official TGA image codec ----
24/10/2012 22:20:09 (Std) 	---- Scripting module is: None ----
24/10/2012 22:20:09 (Std) 	********************************************************************************
24/10/2012 22:20:09 (Std) 	* -------- END OF ESSENTIAL SECTION TO BE POSTED ON THE FORUM         -------- *
24/10/2012 22:20:09 (Std) 	********************************************************************************
24/10/2012 22:20:09 (Std) 	
24/10/2012 22:20:09 (Std) 	---- Begining CEGUI System initialisation ----
24/10/2012 22:20:09 (Std) 	CEGUI::ImagesetManager singleton created (0x16b0fc0)
24/10/2012 22:20:09 (Std) 	CEGUI::FontManager singleton created. (0x16b1330)
24/10/2012 22:20:09 (Std) 	CEGUI::WindowFactoryManager singleton created
24/10/2012 22:20:09 (Std) 	CEGUI::WindowManager singleton created (0x16b1500)
24/10/2012 22:20:09 (Std) 	CEGUI::SchemeManager singleton created. (0x16b15a0)
24/10/2012 22:20:09 (Std) 	CEGUI::MouseCursor singleton created. (0x16b16d0)
24/10/2012 22:20:09 (Std) 	CEGUI::GlobalEventSet singleton created. (0x16b0ec0)
24/10/2012 22:20:09 (Std) 	CEGUI::AnimationManager singleton created (0x16b1890)
24/10/2012 22:20:09 (Std) 	CEGUI::WidgetLookManager singleton created. (0x16b0e80)
24/10/2012 22:20:09 (Std) 	CEGUI::WindowRendererManager singleton created (0x16b2b80)
24/10/2012 22:20:09 (Std) 	CEGUI::RenderEffectManager singleton created (0x16b2c40)
24/10/2012 22:20:09 (Std) 	Created WindowFactory for 'DefaultWindow' windows.
24/10/2012 22:20:09 (Std) 	WindowFactory for 'DefaultWindow' windows added. (0x16b2cb0)
24/10/2012 22:20:09 (Std) 	Created WindowFactory for 'DragContainer' windows.
24/10/2012 22:20:09 (Std) 	WindowFactory for 'DragContainer' windows added. (0x16b2fb0)
24/10/2012 22:20:09 (Std) 	Created WindowFactory for 'ScrolledContainer' windows.
24/10/2012 22:20:09 (Std) 	WindowFactory for 'ScrolledContainer' windows added. (0x16b3150)
24/10/2012 22:20:09 (Std) 	Created WindowFactory for 'ClippedContainer' windows.
24/10/2012 22:20:09 (Std) 	WindowFactory for 'ClippedContainer' windows added. (0x16b32f0)
24/10/2012 22:20:09 (Std) 	Created WindowFactory for 'CEGUI/Checkbox' windows.
24/10/2012 22:20:09 (Std) 	WindowFactory for 'CEGUI/Checkbox' windows added. (0x16b3490)
24/10/2012 22:20:09 (Std) 	Created WindowFactory for 'CEGUI/PushButton' windows.
24/10/2012 22:20:09 (Std) 	WindowFactory for 'CEGUI/PushButton' windows added. (0x16b3630)
24/10/2012 22:20:09 (Std) 	Created WindowFactory for 'CEGUI/RadioButton' windows.
24/10/2012 22:20:09 (Std) 	WindowFactory for 'CEGUI/RadioButton' windows added. (0x16b38c0)
24/10/2012 22:20:09 (Std) 	Created WindowFactory for 'CEGUI/Combobox' windows.
24/10/2012 22:20:09 (Std) 	WindowFactory for 'CEGUI/Combobox' windows added. (0x16b3a60)
24/10/2012 22:20:09 (Std) 	Created WindowFactory for 'CEGUI/ComboDropList' windows.
24/10/2012 22:20:09 (Std) 	WindowFactory for 'CEGUI/ComboDropList' windows added. (0x16b3c00)
24/10/2012 22:20:09 (Std) 	Created WindowFactory for 'CEGUI/Editbox' windows.
24/10/2012 22:20:09 (Std) 	WindowFactory for 'CEGUI/Editbox' windows added. (0x16b3da0)
24/10/2012 22:20:09 (Std) 	Created WindowFactory for 'CEGUI/FrameWindow' windows.
24/10/2012 22:20:09 (Std) 	WindowFactory for 'CEGUI/FrameWindow' windows added. (0x16b3f40)
24/10/2012 22:20:09 (Std) 	Created WindowFactory for 'CEGUI/ItemEntry' windows.
24/10/2012 22:20:09 (Std) 	WindowFactory for 'CEGUI/ItemEntry' windows added. (0x16b40e0)
24/10/2012 22:20:09 (Std) 	Created WindowFactory for 'CEGUI/Listbox' windows.
24/10/2012 22:20:09 (Std) 	WindowFactory for 'CEGUI/Listbox' windows added. (0x16b4280)
24/10/2012 22:20:09 (Std) 	Created WindowFactory for 'CEGUI/ListHeader' windows.
24/10/2012 22:20:09 (Std) 	WindowFactory for 'CEGUI/ListHeader' windows added. (0x16b4420)
24/10/2012 22:20:09 (Std) 	Created WindowFactory for 'CEGUI/ListHeaderSegment' windows.
24/10/2012 22:20:09 (Std) 	WindowFactory for 'CEGUI/ListHeaderSegment' windows added. (0x16b45c0)
24/10/2012 22:20:09 (Std) 	Created WindowFactory for 'CEGUI/Menubar' windows.
24/10/2012 22:20:09 (Std) 	WindowFactory for 'CEGUI/Menubar' windows added. (0x16b4760)
24/10/2012 22:20:09 (Std) 	Created WindowFactory for 'CEGUI/PopupMenu' windows.
24/10/2012 22:20:09 (Std) 	WindowFactory for 'CEGUI/PopupMenu' windows added. (0x16b4900)
24/10/2012 22:20:09 (Std) 	Created WindowFactory for 'CEGUI/MenuItem' windows.
24/10/2012 22:20:09 (Std) 	WindowFactory for 'CEGUI/MenuItem' windows added. (0x16b4bb0)
24/10/2012 22:20:09 (Std) 	Created WindowFactory for 'CEGUI/MultiColumnList' windows.
24/10/2012 22:20:09 (Std) 	WindowFactory for 'CEGUI/MultiColumnList' windows added. (0x16b4d50)
24/10/2012 22:20:09 (Std) 	Created WindowFactory for 'CEGUI/MultiLineEditbox' windows.
24/10/2012 22:20:09 (Std) 	WindowFactory for 'CEGUI/MultiLineEditbox' windows added. (0x16b4ef0)
24/10/2012 22:20:09 (Std) 	Created WindowFactory for 'CEGUI/ProgressBar' windows.
24/10/2012 22:20:09 (Std) 	WindowFactory for 'CEGUI/ProgressBar' windows added. (0x16b5090)
24/10/2012 22:20:09 (Std) 	Created WindowFactory for 'CEGUI/ScrollablePane' windows.
24/10/2012 22:20:09 (Std) 	WindowFactory for 'CEGUI/ScrollablePane' windows added. (0x16b5230)
24/10/2012 22:20:09 (Std) 	Created WindowFactory for 'CEGUI/Scrollbar' windows.
24/10/2012 22:20:09 (Std) 	WindowFactory for 'CEGUI/Scrollbar' windows added. (0x16b53d0)
24/10/2012 22:20:09 (Std) 	Created WindowFactory for 'CEGUI/Slider' windows.
24/10/2012 22:20:09 (Std) 	WindowFactory for 'CEGUI/Slider' windows added. (0x16b5570)
24/10/2012 22:20:09 (Std) 	Created WindowFactory for 'CEGUI/Spinner' windows.
24/10/2012 22:20:09 (Std) 	WindowFactory for 'CEGUI/Spinner' windows added. (0x16b5710)
24/10/2012 22:20:09 (Std) 	Created WindowFactory for 'CEGUI/TabButton' windows.
24/10/2012 22:20:09 (Std) 	WindowFactory for 'CEGUI/TabButton' windows added. (0x16b58b0)
24/10/2012 22:20:09 (Std) 	Created WindowFactory for 'CEGUI/TabControl' windows.
24/10/2012 22:20:09 (Std) 	WindowFactory for 'CEGUI/TabControl' windows added. (0x16b5a50)
24/10/2012 22:20:09 (Std) 	Created WindowFactory for 'CEGUI/Thumb' windows.
24/10/2012 22:20:09 (Std) 	WindowFactory for 'CEGUI/Thumb' windows added. (0x16b5bf0)
24/10/2012 22:20:09 (Std) 	Created WindowFactory for 'CEGUI/Titlebar' windows.
24/10/2012 22:20:09 (Std) 	WindowFactory for 'CEGUI/Titlebar' windows added. (0x16b5d90)
24/10/2012 22:20:09 (Std) 	Created WindowFactory for 'CEGUI/Tooltip' windows.
24/10/2012 22:20:09 (Std) 	WindowFactory for 'CEGUI/Tooltip' windows added. (0x16b5f30)
24/10/2012 22:20:09 (Std) 	Created WindowFactory for 'CEGUI/ItemListbox' windows.
24/10/2012 22:20:09 (Std) 	WindowFactory for 'CEGUI/ItemListbox' windows added. (0x16b60d0)
24/10/2012 22:20:09 (Std) 	Created WindowFactory for 'CEGUI/GroupBox' windows.
24/10/2012 22:20:09 (Std) 	WindowFactory for 'CEGUI/GroupBox' windows added. (0x16b6270)
24/10/2012 22:20:09 (Std) 	Created WindowFactory for 'CEGUI/Tree' windows.
24/10/2012 22:20:09 (Std) 	WindowFactory for 'CEGUI/Tree' windows added. (0x16b6410)
24/10/2012 22:20:09 (Std) 	Created WindowFactory for 'HorizontalLayoutContainer' windows.
24/10/2012 22:20:09 (Std) 	WindowFactory for 'HorizontalLayoutContainer' windows added. (0x16b4aa0)
24/10/2012 22:20:09 (Std) 	Created WindowFactory for 'VerticalLayoutContainer' windows.
24/10/2012 22:20:09 (Std) 	WindowFactory for 'VerticalLayoutContainer' windows added. (0x16b68a0)
24/10/2012 22:20:09 (Std) 	Created WindowFactory for 'GridLayoutContainer' windows.
24/10/2012 22:20:09 (Std) 	WindowFactory for 'GridLayoutContainer' windows added. (0x16b6a40)
24/10/2012 22:20:09 (Std) 	Window type alias named 'DefaultGUISheet' added for window type 'DefaultWindow'.
24/10/2012 22:20:09 (Std) 	CEGUI::System singleton created. (0x16aa5c0)
24/10/2012 22:20:09 (Std) 	---- CEGUI System initialisation completed ----
24/10/2012 22:20:09 (Std) 	
24/10/2012 22:20:09 (Std) 	Started creation of Scheme from XML specification:
24/10/2012 22:20:09 (Std) 	---- CEGUI GUIScheme name: TaharezLook
24/10/2012 22:20:09 (Std) 	Started creation of Imageset from XML specification:
24/10/2012 22:20:09 (Std) 	---- CEGUI Imageset name: TaharezLook
24/10/2012 22:20:09 (Std) 	---- Source texture file: TaharezLook.tga in resource group: (Default)
24/10/2012 22:20:09 (Std) 	Started creation of Font from XML specification:
24/10/2012 22:20:09 (Std) 	---- CEGUI font name: DejaVuSans-10
24/10/2012 22:20:09 (Std) 	----       Font type: FreeType
24/10/2012 22:20:09 (Std) 	----     Source file: DejaVuSans.ttf in resource group: (Default)
24/10/2012 22:20:09 (Std) 	---- Real point size: 10
24/10/2012 22:20:09 (Std) 	===== Falagard 'root' element: look and feel parsing begins =====
24/10/2012 22:20:09 (Std) 	===== Look and feel parsing completed =====
24/10/2012 22:20:09 (Std) 	No window renderer factories specified for module 'CEGUIFalagardWRBase' - adding all available factories...
24/10/2012 22:20:09 (Std) 	Created WindowRendererFactory for 'Falagard/Button' WindowRenderers.
24/10/2012 22:20:09 (Std) 	WindowRendererFactory 'Falagard/Button' added. (0x1aca460)
24/10/2012 22:20:09 (Std) 	Created WindowRendererFactory for 'Falagard/Default' WindowRenderers.
24/10/2012 22:20:09 (Std) 	WindowRendererFactory 'Falagard/Default' added. (0x1af5ad0)
24/10/2012 22:20:09 (Std) 	Created WindowRendererFactory for 'Falagard/Editbox' WindowRenderers.
24/10/2012 22:20:09 (Std) 	WindowRendererFactory 'Falagard/Editbox' added. (0x16c0710)
24/10/2012 22:20:09 (Std) 	Created WindowRendererFactory for 'Falagard/FrameWindow' WindowRenderers.
24/10/2012 22:20:09 (Std) 	WindowRendererFactory 'Falagard/FrameWindow' added. (0x1aefb60)
24/10/2012 22:20:09 (Std) 	Created WindowRendererFactory for 'Falagard/ItemEntry' WindowRenderers.
24/10/2012 22:20:09 (Std) 	WindowRendererFactory 'Falagard/ItemEntry' added. (0x17e8f10)
24/10/2012 22:20:09 (Std) 	Created WindowRendererFactory for 'Falagard/ListHeader' WindowRenderers.
24/10/2012 22:20:09 (Std) 	WindowRendererFactory 'Falagard/ListHeader' added. (0x16cf4d0)
24/10/2012 22:20:09 (Std) 	Created WindowRendererFactory for 'Falagard/ListHeaderSegment' WindowRenderers.
24/10/2012 22:20:09 (Std) 	WindowRendererFactory 'Falagard/ListHeaderSegment' added. (0x1adcf60)
24/10/2012 22:20:09 (Std) 	Created WindowRendererFactory for 'Falagard/Listbox' WindowRenderers.
24/10/2012 22:20:09 (Std) 	WindowRendererFactory 'Falagard/Listbox' added. (0x1add020)
24/10/2012 22:20:09 (Std) 	Created WindowRendererFactory for 'Falagard/Menubar' WindowRenderers.
24/10/2012 22:20:09 (Std) 	WindowRendererFactory 'Falagard/Menubar' added. (0x17d8fb0)
24/10/2012 22:20:09 (Std) 	Created WindowRendererFactory for 'Falagard/MenuItem' WindowRenderers.
24/10/2012 22:20:09 (Std) 	WindowRendererFactory 'Falagard/MenuItem' added. (0x17d9150)
24/10/2012 22:20:09 (Std) 	Created WindowRendererFactory for 'Falagard/MultiColumnList' WindowRenderers.
24/10/2012 22:20:09 (Std) 	WindowRendererFactory 'Falagard/MultiColumnList' added. (0x17d92f0)
24/10/2012 22:20:09 (Std) 	Created WindowRendererFactory for 'Falagard/MultiLineEditbox' WindowRenderers.
24/10/2012 22:20:09 (Std) 	WindowRendererFactory 'Falagard/MultiLineEditbox' added. (0x17d9490)
24/10/2012 22:20:09 (Std) 	Created WindowRendererFactory for 'Falagard/PopupMenu' WindowRenderers.
24/10/2012 22:20:09 (Std) 	WindowRendererFactory 'Falagard/PopupMenu' added. (0x17d9630)
24/10/2012 22:20:09 (Std) 	Created WindowRendererFactory for 'Falagard/ProgressBar' WindowRenderers.
24/10/2012 22:20:09 (Std) 	WindowRendererFactory 'Falagard/ProgressBar' added. (0x1aff6a0)
24/10/2012 22:20:09 (Std) 	Created WindowRendererFactory for 'Falagard/ScrollablePane' WindowRenderers.
24/10/2012 22:20:09 (Std) 	WindowRendererFactory 'Falagard/ScrollablePane' added. (0x1aff840)
24/10/2012 22:20:09 (Std) 	Created WindowRendererFactory for 'Falagard/Scrollbar' WindowRenderers.
24/10/2012 22:20:09 (Std) 	WindowRendererFactory 'Falagard/Scrollbar' added. (0x1aff9e0)
24/10/2012 22:20:09 (Std) 	Created WindowRendererFactory for 'Falagard/Slider' WindowRenderers.
24/10/2012 22:20:09 (Std) 	WindowRendererFactory 'Falagard/Slider' added. (0x1affb80)
24/10/2012 22:20:09 (Std) 	Created WindowRendererFactory for 'Falagard/Static' WindowRenderers.
24/10/2012 22:20:09 (Std) 	WindowRendererFactory 'Falagard/Static' added. (0x1affe30)
24/10/2012 22:20:09 (Std) 	Created WindowRendererFactory for 'Falagard/StaticImage' WindowRenderers.
24/10/2012 22:20:09 (Std) 	WindowRendererFactory 'Falagard/StaticImage' added. (0x1afffd0)
24/10/2012 22:20:09 (Std) 	Created WindowRendererFactory for 'Falagard/StaticText' WindowRenderers.
24/10/2012 22:20:09 (Std) 	WindowRendererFactory 'Falagard/StaticText' added. (0x1b00170)
24/10/2012 22:20:09 (Std) 	Created WindowRendererFactory for 'Falagard/SystemButton' WindowRenderers.
24/10/2012 22:20:09 (Std) 	WindowRendererFactory 'Falagard/SystemButton' added. (0x1b00310)
24/10/2012 22:20:09 (Std) 	Created WindowRendererFactory for 'Falagard/TabButton' WindowRenderers.
24/10/2012 22:20:09 (Std) 	WindowRendererFactory 'Falagard/TabButton' added. (0x1b004b0)
24/10/2012 22:20:09 (Std) 	Created WindowRendererFactory for 'Falagard/TabControl' WindowRenderers.
24/10/2012 22:20:09 (Std) 	WindowRendererFactory 'Falagard/TabControl' added. (0x1b00650)
24/10/2012 22:20:09 (Std) 	Created WindowRendererFactory for 'Falagard/Titlebar' WindowRenderers.
24/10/2012 22:20:09 (Std) 	WindowRendererFactory 'Falagard/Titlebar' added. (0x1b007f0)
24/10/2012 22:20:09 (Std) 	Created WindowRendererFactory for 'Falagard/ToggleButton' WindowRenderers.
24/10/2012 22:20:09 (Std) 	WindowRendererFactory 'Falagard/ToggleButton' added. (0x1b00990)
24/10/2012 22:20:09 (Std) 	Created WindowRendererFactory for 'Falagard/Tooltip' WindowRenderers.
24/10/2012 22:20:09 (Std) 	WindowRendererFactory 'Falagard/Tooltip' added. (0x17d70f0)
24/10/2012 22:20:09 (Std) 	Created WindowRendererFactory for 'Falagard/ItemListbox' WindowRenderers.
24/10/2012 22:20:09 (Std) 	WindowRendererFactory 'Falagard/ItemListbox' added. (0x17d7290)
24/10/2012 22:20:09 (Std) 	Created WindowRendererFactory for 'Falagard/Tree' WindowRenderers.
24/10/2012 22:20:09 (Std) 	WindowRendererFactory 'Falagard/Tree' added. (0x17d7430)
24/10/2012 22:20:09 (Std) 	Creating falagard mapping for type 'TaharezLook/Button' using base type 'CEGUI/PushButton', window renderer 'Falagard/Button' Look'N'Feel 'TaharezLook/Button' and RenderEffect ''. (0x7fff9224bc20)
24/10/2012 22:20:09 (Std) 	Creating falagard mapping for type 'TaharezLook/Checkbox' using base type 'CEGUI/Checkbox', window renderer 'Falagard/ToggleButton' Look'N'Feel 'TaharezLook/Checkbox' and RenderEffect ''. (0x7fff9224bc20)
24/10/2012 22:20:09 (Std) 	Creating falagard mapping for type 'TaharezLook/ImageButton' using base type 'CEGUI/PushButton', window renderer 'Falagard/Button' Look'N'Feel 'TaharezLook/ImageButton' and RenderEffect ''. (0x7fff9224bc20)
24/10/2012 22:20:09 (Std) 	Creating falagard mapping for type 'TaharezLook/RadioButton' using base type 'CEGUI/RadioButton', window renderer 'Falagard/ToggleButton' Look'N'Feel 'TaharezLook/RadioButton' and RenderEffect ''. (0x7fff9224bc20)
24/10/2012 22:20:09 (Std) 	Creating falagard mapping for type 'TaharezLook/FrameWindow' using base type 'CEGUI/FrameWindow', window renderer 'Falagard/FrameWindow' Look'N'Feel 'TaharezLook/FrameWindow' and RenderEffect ''. (0x7fff9224bc20)
24/10/2012 22:20:09 (Std) 	Creating falagard mapping for type 'TaharezLook/Titlebar' using base type 'CEGUI/Titlebar', window renderer 'Falagard/Titlebar' Look'N'Feel 'TaharezLook/Titlebar' and RenderEffect ''. (0x7fff9224bc20)
24/10/2012 22:20:09 (Std) 	Creating falagard mapping for type 'TaharezLook/SystemButton' using base type 'CEGUI/PushButton', window renderer 'Falagard/Button' Look'N'Feel 'TaharezLook/Button' and RenderEffect ''. (0x7fff9224bc20)
24/10/2012 22:20:09 (Std) 	Creating falagard mapping for type 'TaharezLook/Editbox' using base type 'CEGUI/Editbox', window renderer 'Falagard/Editbox' Look'N'Feel 'TaharezLook/Editbox' and RenderEffect ''. (0x7fff9224bc20)
24/10/2012 22:20:09 (Std) 	Creating falagard mapping for type 'TaharezLook/MultiLineEditbox' using base type 'CEGUI/MultiLineEditbox', window renderer 'Falagard/MultiLineEditbox' Look'N'Feel 'TaharezLook/MultiLineEditbox' and RenderEffect ''. (0x7fff9224bc20)
24/10/2012 22:20:09 (Std) 	Creating falagard mapping for type 'TaharezLook/Menubar' using base type 'CEGUI/Menubar', window renderer 'Falagard/Menubar' Look'N'Feel 'TaharezLook/Menubar' and RenderEffect ''. (0x7fff9224bc20)
24/10/2012 22:20:09 (Std) 	Creating falagard mapping for type 'TaharezLook/PopupMenu' using base type 'CEGUI/PopupMenu', window renderer 'Falagard/PopupMenu' Look'N'Feel 'TaharezLook/PopupMenu' and RenderEffect ''. (0x7fff9224bc20)
24/10/2012 22:20:09 (Std) 	Creating falagard mapping for type 'TaharezLook/MenuItem' using base type 'CEGUI/MenuItem', window renderer 'Falagard/MenuItem' Look'N'Feel 'TaharezLook/MenuItem' and RenderEffect ''. (0x7fff9224bc20)
24/10/2012 22:20:09 (Std) 	Creating falagard mapping for type 'TaharezLook/AlternateProgressBar' using base type 'CEGUI/ProgressBar', window renderer 'Falagard/ProgressBar' Look'N'Feel 'TaharezLook/AltProgressBar' and RenderEffect ''. (0x7fff9224bc20)
24/10/2012 22:20:09 (Std) 	Creating falagard mapping for type 'TaharezLook/ProgressBar' using base type 'CEGUI/ProgressBar', window renderer 'Falagard/ProgressBar' Look'N'Feel 'TaharezLook/ProgressBar' and RenderEffect ''. (0x7fff9224bc20)
24/10/2012 22:20:09 (Std) 	Creating falagard mapping for type 'TaharezLook/VUMeter' using base type 'CEGUI/ProgressBar', window renderer 'Falagard/ProgressBar' Look'N'Feel 'TaharezLook/VUMeter' and RenderEffect ''. (0x7fff9224bc20)
24/10/2012 22:20:09 (Std) 	Creating falagard mapping for type 'TaharezLook/VerticalScrollbar' using base type 'CEGUI/Scrollbar', window renderer 'Falagard/Scrollbar' Look'N'Feel 'TaharezLook/VerticalScrollbar' and RenderEffect ''. (0x7fff9224bc20)
24/10/2012 22:20:09 (Std) 	Creating falagard mapping for type 'TaharezLook/HorizontalScrollbar' using base type 'CEGUI/Scrollbar', window renderer 'Falagard/Scrollbar' Look'N'Feel 'TaharezLook/HorizontalScrollbar' and RenderEffect ''. (0x7fff9224bc20)
24/10/2012 22:20:09 (Std) 	Creating falagard mapping for type 'TaharezLook/VerticalScrollbarThumb' using base type 'CEGUI/Thumb', window renderer 'Falagard/Button' Look'N'Feel 'TaharezLook/VerticalScrollbarThumb' and RenderEffect ''. (0x7fff9224bc20)
24/10/2012 22:20:09 (Std) 	Creating falagard mapping for type 'TaharezLook/HorizontalScrollbarThumb' using base type 'CEGUI/Thumb', window renderer 'Falagard/Button' Look'N'Feel 'TaharezLook/HorizontalScrollbarThumb' and RenderEffect ''. (0x7fff9224bc20)
24/10/2012 22:20:09 (Std) 	Creating falagard mapping for type 'TaharezLook/LargeVerticalScrollbar' using base type 'CEGUI/Scrollbar', window renderer 'Falagard/Scrollbar' Look'N'Feel 'TaharezLook/LargeVerticalScrollbar' and RenderEffect ''. (0x7fff9224bc20)
24/10/2012 22:20:09 (Std) 	Creating falagard mapping for type 'TaharezLook/LargeVerticalScrollbarThumb' using base type 'CEGUI/Thumb', window renderer 'Falagard/Button' Look'N'Feel 'TaharezLook/LargeVerticalScrollbarThumb' and RenderEffect ''. (0x7fff9224bc20)
24/10/2012 22:20:09 (Std) 	Creating falagard mapping for type 'TaharezLook/TabButton' using base type 'CEGUI/TabButton', window renderer 'Falagard/TabButton' Look'N'Feel 'TaharezLook/TabButton' and RenderEffect ''. (0x7fff9224bc20)
24/10/2012 22:20:09 (Std) 	Creating falagard mapping for type 'TaharezLook/TabControl' using base type 'CEGUI/TabControl', window renderer 'Falagard/TabControl' Look'N'Feel 'TaharezLook/TabControl' and RenderEffect ''. (0x7fff9224bc20)
24/10/2012 22:20:09 (Std) 	Creating falagard mapping for type 'TaharezLook/TabContentPane' using base type 'DefaultWindow', window renderer 'Falagard/Default' Look'N'Feel 'TaharezLook/TabContentPane' and RenderEffect ''. (0x7fff9224bc20)
24/10/2012 22:20:09 (Std) 	Creating falagard mapping for type 'TaharezLook/TabButtonPane' using base type 'DefaultWindow', window renderer 'Falagard/Default' Look'N'Feel 'TaharezLook/TabButtonPane' and RenderEffect ''. (0x7fff9224bc20)
24/10/2012 22:20:09 (Std) 	Creating falagard mapping for type 'TaharezLook/ComboDropList' using base type 'CEGUI/ComboDropList', window renderer 'Falagard/Listbox' Look'N'Feel 'TaharezLook/ComboDropList' and RenderEffect ''. (0x7fff9224bc20)
24/10/2012 22:20:09 (Std) 	Creating falagard mapping for type 'TaharezLook/ComboEditbox' using base type 'CEGUI/Editbox', window renderer 'Falagard/Editbox' Look'N'Feel 'TaharezLook/ComboEditbox' and RenderEffect ''. (0x7fff9224bc20)
24/10/2012 22:20:09 (Std) 	Creating falagard mapping for type 'TaharezLook/Combobox' using base type 'CEGUI/Combobox', window renderer 'Falagard/Default' Look'N'Feel 'TaharezLook/Combobox' and RenderEffect ''. (0x7fff9224bc20)
24/10/2012 22:20:09 (Std) 	Creating falagard mapping for type 'TaharezLook/Listbox' using base type 'CEGUI/Listbox', window renderer 'Falagard/Listbox' Look'N'Feel 'TaharezLook/Listbox' and RenderEffect ''. (0x7fff9224bc20)
24/10/2012 22:20:09 (Std) 	Creating falagard mapping for type 'TaharezLook/ListHeader' using base type 'CEGUI/ListHeader', window renderer 'Falagard/ListHeader' Look'N'Feel 'TaharezLook/ListHeader' and RenderEffect ''. (0x7fff9224bc20)
24/10/2012 22:20:09 (Std) 	Creating falagard mapping for type 'TaharezLook/ListHeaderSegment' using base type 'CEGUI/ListHeaderSegment', window renderer 'Falagard/ListHeaderSegment' Look'N'Feel 'TaharezLook/ListHeaderSegment' and RenderEffect ''. (0x7fff9224bc20)
24/10/2012 22:20:09 (Std) 	Creating falagard mapping for type 'TaharezLook/MultiColumnList' using base type 'CEGUI/MultiColumnList', window renderer 'Falagard/MultiColumnList' Look'N'Feel 'TaharezLook/MultiColumnList' and RenderEffect ''. (0x7fff9224bc20)
24/10/2012 22:20:09 (Std) 	Creating falagard mapping for type 'TaharezLook/Slider' using base type 'CEGUI/Slider', window renderer 'Falagard/Slider' Look'N'Feel 'TaharezLook/Slider' and RenderEffect ''. (0x7fff9224bc20)
24/10/2012 22:20:09 (Std) 	Creating falagard mapping for type 'TaharezLook/SliderThumb' using base type 'CEGUI/Thumb', window renderer 'Falagard/Button' Look'N'Feel 'TaharezLook/SliderThumb' and RenderEffect ''. (0x7fff9224bc20)
24/10/2012 22:20:09 (Std) 	Creating falagard mapping for type 'TaharezLook/ScrollablePane' using base type 'CEGUI/ScrollablePane', window renderer 'Falagard/ScrollablePane' Look'N'Feel 'TaharezLook/ScrollablePane' and RenderEffect ''. (0x7fff9224bc20)
24/10/2012 22:20:09 (Std) 	Creating falagard mapping for type 'TaharezLook/Spinner' using base type 'CEGUI/Spinner', window renderer 'Falagard/Default' Look'N'Feel 'TaharezLook/Spinner' and RenderEffect ''. (0x7fff9224bc20)
24/10/2012 22:20:09 (Std) 	Creating falagard mapping for type 'TaharezLook/Tooltip' using base type 'CEGUI/Tooltip', window renderer 'Falagard/Tooltip' Look'N'Feel 'TaharezLook/Tooltip' and RenderEffect ''. (0x7fff9224bc20)
24/10/2012 22:20:09 (Std) 	Creating falagard mapping for type 'TaharezLook/StaticImage' using base type 'DefaultWindow', window renderer 'Falagard/StaticImage' Look'N'Feel 'TaharezLook/StaticImage' and RenderEffect ''. (0x7fff9224bc20)
24/10/2012 22:20:09 (Std) 	Creating falagard mapping for type 'TaharezLook/StaticText' using base type 'DefaultWindow', window renderer 'Falagard/StaticText' Look'N'Feel 'TaharezLook/StaticText' and RenderEffect ''. (0x7fff9224bc20)
24/10/2012 22:20:09 (Std) 	Creating falagard mapping for type 'TaharezLook/ItemListbox' using base type 'CEGUI/ItemListbox', window renderer 'Falagard/ItemListbox' Look'N'Feel 'TaharezLook/ItemListbox' and RenderEffect ''. (0x7fff9224bc20)
24/10/2012 22:20:09 (Std) 	Creating falagard mapping for type 'TaharezLook/ListboxItem' using base type 'CEGUI/ItemEntry', window renderer 'Falagard/ItemEntry' Look'N'Feel 'TaharezLook/ListboxItem' and RenderEffect ''. (0x7fff9224bc20)
24/10/2012 22:20:09 (Std) 	Creating falagard mapping for type 'TaharezLook/GroupBox' using base type 'CEGUI/GroupBox', window renderer 'Falagard/Default' Look'N'Feel 'TaharezLook/GroupBox' and RenderEffect ''. (0x7fff9224bc20)
24/10/2012 22:20:09 (Std) 	Creating falagard mapping for type 'TaharezLook/Tree' using base type 'CEGUI/Tree', window renderer 'Falagard/Tree' Look'N'Feel 'TaharezLook/Tree' and RenderEffect ''. (0x7fff9224bc20)
24/10/2012 22:20:09 (Std) 	Attempting to create Imageset 'DejaVuSans-10_auto_glyph_images_ ' with texture only.
